2017-05-19 08:43:35 [scrapy.utils.log] INFO: Scrapy 1.3.3 started (bot: jianshu)
2017-05-19 08:43:35 [scrapy.utils.log] INFO: Overridden settings: {'NEWSPIDER_MODULE': 'jianshu.spiders', 'LOG_LEVEL': 'INFO', 'RETRY_ENABLED': False, 'SPIDER_MODULES': ['jianshu.spiders'], 'BOT_NAME': 'jianshu', 'DOWNLOAD_TIMEOUT': 10, 'LOG_FILE': 'logs/default/jianshu/2e46bf3e3c2c11e7b0ba184f32616721.log', 'DOWNLOAD_DELAY': 2}
2017-05-19 08:43:35 [scrapy.middleware] INFO: Enabled extensions:
['scrapy.extensions.logstats.LogStats',
 'scrapy.extensions.telnet.TelnetConsole',
 'scrapy.extensions.corestats.CoreStats']
2017-05-19 08:43:35 [scrapy.middleware] INFO: Enabled downloader middlewares:
['scrapy.downloadermiddlewares.httpauth.HttpAuthMiddleware',
 'scrapy.downloadermiddlewares.downloadtimeout.DownloadTimeoutMiddleware',
 'scrapy.downloadermiddlewares.defaultheaders.DefaultHeadersMiddleware',
 'jianshu.middlewares.UserAgentMiddleware',
 'scrapy.downloadermiddlewares.useragent.UserAgentMiddleware',
 'scrapy.downloadermiddlewares.redirect.MetaRefreshMiddleware',
 'scrapy.downloadermiddlewares.httpcompression.HttpCompressionMiddleware',
 'scrapy.downloadermiddlewares.redirect.RedirectMiddleware',
 'scrapy.downloadermiddlewares.cookies.CookiesMiddleware',
 'scrapy.downloadermiddlewares.stats.DownloaderStats']
2017-05-19 08:43:35 [scrapy.middleware] INFO: Enabled spider middlewares:
['scrapy.spidermiddlewares.httperror.HttpErrorMiddleware',
 'scrapy.spidermiddlewares.offsite.OffsiteMiddleware',
 'scrapy.spidermiddlewares.referer.RefererMiddleware',
 'scrapy.spidermiddlewares.urllength.UrlLengthMiddleware',
 'scrapy.spidermiddlewares.depth.DepthMiddleware']
2017-05-19 08:43:35 [scrapy.middleware] INFO: Enabled item pipelines:
['jianshu.pipelines.MongoDBPipleline']
2017-05-19 08:43:35 [scrapy.core.engine] INFO: Spider opened
2017-05-19 08:43:35 [scrapy.extensions.logstats] INFO: Crawled 0 pages (at 0 pages/min), scraped 0 items (at 0 items/min)
2017-05-19 08:44:35 [scrapy.extensions.logstats] INFO: Crawled 25 pages (at 25 pages/min), scraped 9 items (at 9 items/min)
2017-05-19 08:45:35 [scrapy.extensions.logstats] INFO: Crawled 50 pages (at 25 pages/min), scraped 9 items (at 0 items/min)
2017-05-19 08:46:35 [scrapy.extensions.logstats] INFO: Crawled 73 pages (at 23 pages/min), scraped 14 items (at 5 items/min)
2017-05-19 08:47:35 [scrapy.extensions.logstats] INFO: Crawled 97 pages (at 24 pages/min), scraped 22 items (at 8 items/min)
2017-05-19 08:47:52 [scrapy.crawler] INFO: Received SIGTERM, shutting down gracefully. Send again to force 
2017-05-19 08:47:52 [scrapy.core.engine] INFO: Closing spider (shutdown)
2017-05-19 08:48:27 [scrapy.statscollectors] INFO: Dumping Scrapy stats:
{'downloader/request_bytes': 95417,
 'downloader/request_count': 120,
 'downloader/request_method_count/GET': 120,
 'downloader/response_bytes': 994524,
 'downloader/response_count': 120,
 'downloader/response_status_count/200': 120,
 'dupefilter/filtered': 578,
 'finish_reason': 'shutdown',
 'finish_time': datetime.datetime(2017, 5, 19, 0, 48, 27, 380911),
 'item_scraped_count': 32,
 'log_count/INFO': 12,
 'request_depth_max': 2,
 'response_received_count': 120,
 'scheduler/dequeued': 120,
 'scheduler/dequeued/memory': 120,
 'scheduler/enqueued': 270,
 'scheduler/enqueued/memory': 270,
 'start_time': datetime.datetime(2017, 5, 19, 0, 43, 35, 762260)}
2017-05-19 08:48:27 [scrapy.core.engine] INFO: Spider closed (shutdown)
